method=POST, path=/rep/checkmmeswcv/int, query=container=any, counter=00016

hmiXSRFToken: Fetch
Authorization: Basic BASIC===
Content-Type: text/xml; charset=utf-8
User-Agent: Java/1.8.0_391
Host: localhost:8080
Accept: text/html, image/gif, image/jpeg, *; q=.2, */*; q=.2
Connection: keep-alive
Content-Length: 2184
BODY request: <?xml version="1.0" encoding="UTF-8" ?>
<instance typeid="com.sap.aii.util.hmi.core.msg.HmiRequest"><attribute isleave="true" leave_typeid="string" name="ClientId"><value index="0" isnull="false">74f9eda97c2211f1a63500155d001a19</value></attribute><attribute isleave="true" leave_typeid="string" name="ClientLanguage"><value index="0" isnull="false">EN</value></attribute><attribute isleave="false" name="ClientLevel"><value index="0" isnull="false"><instance typeid="com.sap.aii.util.applcomp.ApplCompLevel"><attribute isleave="true" leave_typeid="string" name="Release"><value index="0" isnull="false">7.3</value></attribute><attribute isleave="true" leave_typeid="string" name="SupportPackage"><value index="0" isnull="false">*</value></attribute></instance></value></attribute><attribute isleave="true" leave_typeid="string" name="ClientPassword"><value index="0" isnull="false">dummy</value></attribute><attribute isleave="true" leave_typeid="string" name="ClientUser"><value index="0" isnull="false">ikuznetsov</value></attribute><attribute isleave="true" leave_typeid="string" name="ControlFlag"><value index="0" isnull="false">0</value></attribute><attribute isleave="true" leave_typeid="string" name="HmiSpecVersion"><value index="0" isnull="false">1.0</value></attribute><attribute isleave="true" leave_typeid="string" name="MethodId"><value index="0" isnull="false">default</value></attribute><attribute isleave="false" name="MethodInput"><value index="0" isnull="true"></value></attribute><attribute isleave="true" leave_typeid="string" name="RequestId"><value index="0" isnull="false">74f9edaa7c2211f1b6dc00155d001a19</value></attribute><attribute isleave="true" leave_typeid="string" name="RequiresSession"><value index="0" isnull="false">true</value></attribute><attribute isleave="true" leave_typeid="string" name="ServerApplicationId"><value index="0" isnull="false">localhost</value></attribute><attribute isleave="true" leave_typeid="string" name="ServerLogicalSystemName"><value index="0" isnull="true"></value></attribute><attribute isleave="true" leave_typeid="string" name="ServiceId"><value index="0" isnull="false">checkmmeswcv</value></attribute></instance>

***********************


http://sappod:50000/rep/checkmmeswcv/int?container=any POST
Accept: text/html, image/gif, image/jpeg, *; q=.2, */*; q=.2
Content-Type: text/xml; charset=utf-8
hmiXSRFToken: Fetch
User-Agent: Java/1.8.0_391
==============================
response code: 200
content-length: 1472
content-type: text/xml; charset=UTF-8
date: Fri, 10 Jul 2026 05:44:45 GMT
set-cookie: JSESSIONMARKID=BtapWgduG87X8wOQPPBHHpu5EWbV8grxcOUHIgVwc; Version=1; Path=/
BODY: <?xml version="1.0" encoding="UTF-8" ?>
<instance typeid="com.sap.aii.utilxi.hmi.core.msg.HmiResponse"><attribute isleave="true" leave_typeid="string" name="ClientId"><value index="0" isnull="false">74f9edaa7c2211f1b6dc00155d001a19</value></attribute><attribute isleave="true" leave_typeid="string" name="ControlFlag"><value index="0" isnull="false">0</value></attribute><attribute isleave="false" name="CoreException"><value index="0" isnull="true"></value></attribute><attribute isleave="true" leave_typeid="string" name="HmiSpecVersion"><value index="0" isnull="false">1.0</value></attribute><attribute isleave="false" name="MethodFault"><value index="0" isnull="true"></value></attribute><attribute isleave="false" name="MethodOutput"><value index="0" isnull="false"><instance typeid="com.sap.aii.utilxi.hmi.api.HmiMethodOutput"><attribute isleave="true" leave_typeid="string" name="ContentType"><value index="0" isnull="false">text/xml</value></attribute><attribute isleave="true" leave_typeid="string" name="Return"><value index="0" isnull="false">&lt;?xml version=&quot;1.0&quot; encoding=&quot;UTF-8&quot;?&gt;
&lt;swcv_response&gt;&lt;swcv unique_id=&quot;&quot; swcv_name=&quot;&quot; swcv_state=&quot;Not Configured&quot; /&gt;&lt;/swcv_response&gt;</value></attribute></instance></value></attribute><attribute isleave="true" leave_typeid="string" name="RequestId"><value index="0" isnull="false">74f9eda97c2211f1a63500155d001a19</value></attribute></instance>








