method=POST, path=/rep/irmf/int, query=container=any, counter=00021

hmiXSRFToken: Fetch
Authorization: Basic BASIC===
Content-Type: text/xml; charset=utf-8
User-Agent: Java/1.8.0_391
Host: localhost:8080
Accept: text/html, image/gif, image/jpeg, *; q=.2, */*; q=.2
Connection: keep-alive
Content-Length: 4265
BODY request: <?xml version="1.0" encoding="UTF-8" ?>
<instance typeid="com.sap.aii.util.hmi.core.msg.HmiRequest"><attribute isleave="true" leave_typeid="string" name="ClientId"><value index="0" isnull="false">750c6a4f7c2211f1b35400155d001a19</value></attribute><attribute isleave="true" leave_typeid="string" name="ClientLanguage"><value index="0" isnull="false">EN</value></attribute><attribute isleave="false" name="ClientLevel"><value index="0" isnull="false"><instance typeid="com.sap.aii.util.applcomp.ApplCompLevel"><attribute isleave="true" leave_typeid="string" name="Release"><value index="0" isnull="false">7.0</value></attribute><attribute isleave="true" leave_typeid="string" name="SupportPackage"><value index="0" isnull="false">0</value></attribute></instance></value></attribute><attribute isleave="true" leave_typeid="string" name="ClientPassword"><value index="0" isnull="false">dummy</value></attribute><attribute isleave="true" leave_typeid="string" name="ClientUser"><value index="0" isnull="false">ikuznetsov</value></attribute><attribute isleave="true" leave_typeid="string" name="ControlFlag"><value index="0" isnull="false">0</value></attribute><attribute isleave="true" leave_typeid="string" name="HmiSpecVersion"><value index="0" isnull="false">1.0</value></attribute><attribute isleave="true" leave_typeid="string" name="MethodId"><value index="0" isnull="false">getchanges</value></attribute><attribute isleave="false" name="MethodInput"><value index="0" isnull="false"><instance typeid="com.sap.aii.util.hmi.api.HmiMethodInput"><attribute isleave="false" name="Parameters"><value index="0" isnull="false"><instance typeid="com.sap.aii.util.hmi.core.gdi2.EntryStringString"><attribute isleave="true" leave_typeid="string" name="Key"><value index="0" isnull="false">release</value></attribute><attribute isleave="true" leave_typeid="string" name="Value"><value index="0" isnull="false">7.0</value></attribute></instance></value><value index="1" isnull="false"><instance typeid="com.sap.aii.util.hmi.core.gdi2.EntryStringString"><attribute isleave="true" leave_typeid="string" name="Key"><value index="0" isnull="false">body</value></attribute><attribute isleave="true" leave_typeid="string" name="Value"><value index="0" isnull="false">&lt;?xml version=&quot;1.0&quot; encoding=&quot;UTF-8&quot;?&gt;
&lt;body&gt;&lt;startRelease&gt;7.31&lt;/startRelease&gt;&lt;endRelease&gt;7.31&lt;/endRelease&gt;&lt;supportPackage&gt;16&lt;/supportPackage&gt;&lt;/body&gt;</value></attribute></instance></value><value index="2" isnull="false"><instance typeid="com.sap.aii.util.hmi.core.gdi2.EntryStringString"><attribute isleave="true" leave_typeid="string" name="Key"><value index="0" isnull="false">VC</value></attribute><attribute isleave="true" leave_typeid="string" name="Value"><value index="0" isnull="false">SWC</value></attribute></instance></value><value index="3" isnull="false"><instance typeid="com.sap.aii.util.hmi.core.gdi2.EntryStringString"><attribute isleave="true" leave_typeid="string" name="Key"><value index="0" isnull="false">SP</value></attribute><attribute isleave="true" leave_typeid="string" name="Value"><value index="0" isnull="false">-1</value></attribute></instance></value><value index="4" isnull="false"><instance typeid="com.sap.aii.util.hmi.core.gdi2.EntryStringString"><attribute isleave="true" leave_typeid="string" name="Key"><value index="0" isnull="false">UC</value></attribute><attribute isleave="true" leave_typeid="string" name="Value"><value index="0" isnull="false">true</value></attribute></instance></value></attribute></instance></value></attribute><attribute isleave="true" leave_typeid="string" name="RequestId"><value index="0" isnull="false">750c6a507c2211f1cfd100155d001a19</value></attribute><attribute isleave="true" leave_typeid="string" name="RequiresSession"><value index="0" isnull="false">false</value></attribute><attribute isleave="true" leave_typeid="string" name="ServerApplicationId"><value index="0" isnull="true"></value></attribute><attribute isleave="true" leave_typeid="string" name="ServerLogicalSystemName"><value index="0" isnull="true"></value></attribute><attribute isleave="true" leave_typeid="string" name="ServiceId"><value index="0" isnull="false">irmf</value></attribute></instance>

***********************


http://sappod:50000/rep/irmf/int?container=any POST
Accept: text/html, image/gif, image/jpeg, *; q=.2, */*; q=.2
Content-Type: text/xml; charset=utf-8
hmiXSRFToken: Fetch
User-Agent: Java/1.8.0_391
==============================
response code: 200
content-length: 2807
content-type: text/xml; charset=UTF-8
date: Fri, 10 Jul 2026 05:44:45 GMT
set-cookie: JSESSIONMARKID=H2aDmgyZt9eGWOZGA2hPuNL_QrMJ3wCh8OUHIgVwc; Version=1; Path=/
BODY: <?xml version="1.0" encoding="UTF-8" ?>
<instance typeid="com.sap.aii.utilxi.hmi.core.msg.HmiResponse"><attribute isleave="true" leave_typeid="string" name="ClientId"><value index="0" isnull="false">750c6a507c2211f1cfd100155d001a19</value></attribute><attribute isleave="true" leave_typeid="string" name="ControlFlag"><value index="0" isnull="false">0</value></attribute><attribute isleave="false" name="CoreException"><value index="0" isnull="true"></value></attribute><attribute isleave="true" leave_typeid="string" name="HmiSpecVersion"><value index="0" isnull="false">1.0</value></attribute><attribute isleave="false" name="MethodFault"><value index="0" isnull="true"></value></attribute><attribute isleave="false" name="MethodOutput"><value index="0" isnull="false"><instance typeid="com.sap.aii.utilxi.hmi.api.HmiMethodOutput"><attribute isleave="true" leave_typeid="string" name="ContentType"><value index="0" isnull="false">text/xml</value></attribute><attribute isleave="true" leave_typeid="string" name="Return"><value index="0" isnull="false">&lt;?xml version=&quot;1.0&quot; encoding=&quot;UTF-8&quot;?&gt;
&lt;body&gt;&lt;Change&gt;&lt;ChangeType&gt;HMI_SERVICE_METHOD&lt;/ChangeType&gt;&lt;Action&gt;CREATE&lt;/Action&gt;&lt;IsBackwardCompatible&gt;false&lt;/IsBackwardCompatible&gt;&lt;ServiceId&gt;mappingdisplayqueueservice&lt;/ServiceId&gt;&lt;MethodId&gt;executedisplayqueuemethod&lt;/MethodId&gt;&lt;Release&gt;7.31&lt;/Release&gt;&lt;SupportPackage&gt;16&lt;/SupportPackage&gt;&lt;/Change&gt;&lt;Change&gt;&lt;ChangeType&gt;HMI_SERVICE_METHOD&lt;/ChangeType&gt;&lt;Action&gt;CREATE&lt;/Action&gt;&lt;IsBackwardCompatible&gt;false&lt;/IsBackwardCompatible&gt;&lt;ServiceId&gt;transportservice&lt;/ServiceId&gt;&lt;MethodId&gt;transportmethods&lt;/MethodId&gt;&lt;Release&gt;7.31&lt;/Release&gt;&lt;SupportPackage&gt;16&lt;/SupportPackage&gt;&lt;/Change&gt;&lt;Change&gt;&lt;ChangeType&gt;HMI_SERVICE_METHOD&lt;/ChangeType&gt;&lt;Action&gt;CREATE&lt;/Action&gt;&lt;IsBackwardCompatible&gt;false&lt;/IsBackwardCompatible&gt;&lt;ServiceId&gt;transport_auth_service&lt;/ServiceId&gt;&lt;MethodId&gt;canExecute&lt;/MethodId&gt;&lt;Release&gt;7.31&lt;/Release&gt;&lt;SupportPackage&gt;16&lt;/SupportPackage&gt;&lt;/Change&gt;&lt;Change&gt;&lt;ChangeType&gt;HMI_SERVICE_METHOD&lt;/ChangeType&gt;&lt;Action&gt;UPDATE&lt;/Action&gt;&lt;IsBackwardCompatible&gt;false&lt;/IsBackwardCompatible&gt;&lt;ServiceId&gt;query&lt;/ServiceId&gt;&lt;MethodId&gt;generic&lt;/MethodId&gt;&lt;Release&gt;7.31&lt;/Release&gt;&lt;SupportPackage&gt;16&lt;/SupportPackage&gt;&lt;/Change&gt;&lt;/body&gt;</value></attribute></instance></value></attribute><attribute isleave="true" leave_typeid="string" name="RequestId"><value index="0" isnull="false">750c6a4f7c2211f1b35400155d001a19</value></attribute></instance>








