method=POST, path=/rep/transportservice/int, query=container=any, counter=00026

hmiXSRFToken: Fetch
Authorization: Basic BASIC===
Content-Type: text/xml; charset=utf-8
User-Agent: Java/1.8.0_391
Host: localhost:8080
Accept: text/html, image/gif, image/jpeg, *; q=.2, */*; q=.2
Connection: keep-alive
Content-Length: 3060
BODY request: <?xml version="1.0" encoding="UTF-8" ?>
<instance typeid="com.sap.aii.util.hmi.core.msg.HmiRequest"><attribute isleave="true" leave_typeid="string" name="ClientId"><value index="0" isnull="false">75201a5a7c2211f1a04400155d001a19</value></attribute><attribute isleave="true" leave_typeid="string" name="ClientLanguage"><value index="0" isnull="false">EN</value></attribute><attribute isleave="false" name="ClientLevel"><value index="0" isnull="false"><instance typeid="com.sap.aii.util.applcomp.ApplCompLevel"><attribute isleave="true" leave_typeid="string" name="Release"><value index="0" isnull="false">7.50</value></attribute><attribute isleave="true" leave_typeid="string" name="SupportPackage"><value index="0" isnull="false">2</value></attribute></instance></value></attribute><attribute isleave="true" leave_typeid="string" name="ClientPassword"><value index="0" isnull="false">dummy</value></attribute><attribute isleave="true" leave_typeid="string" name="ClientUser"><value index="0" isnull="false">poduser</value></attribute><attribute isleave="true" leave_typeid="string" name="ControlFlag"><value index="0" isnull="false">0</value></attribute><attribute isleave="true" leave_typeid="string" name="HmiSpecVersion"><value index="0" isnull="false">1.0</value></attribute><attribute isleave="true" leave_typeid="string" name="MethodId"><value index="0" isnull="false">read_transport_log</value></attribute><attribute isleave="false" name="MethodInput"><value index="0" isnull="false"><instance typeid="com.sap.aii.util.hmi.api.HmiMethodInput"><attribute isleave="false" name="Parameters"><value index="0" isnull="false"><instance typeid="com.sap.aii.util.hmi.core.gdi2.EntryStringString"><attribute isleave="true" leave_typeid="string" name="Key"><value index="0" isnull="false">p_from_date</value></attribute><attribute isleave="true" leave_typeid="string" name="Value"><value index="0" isnull="false">1783544400000</value></attribute></instance></value><value index="1" isnull="false"><instance typeid="com.sap.aii.util.hmi.core.gdi2.EntryStringString"><attribute isleave="true" leave_typeid="string" name="Key"><value index="0" isnull="false">p_to_date</value></attribute><attribute isleave="true" leave_typeid="string" name="Value"><value index="0" isnull="false">1783662286096</value></attribute></instance></value></attribute></instance></value></attribute><attribute isleave="true" leave_typeid="string" name="RequestId"><value index="0" isnull="false">75201a5b7c2211f197f100155d001a19</value></attribute><attribute isleave="true" leave_typeid="string" name="RequiresSession"><value index="0" isnull="false">true</value></attribute><attribute isleave="true" leave_typeid="string" name="ServerApplicationId"><value index="0" isnull="false">localhost</value></attribute><attribute isleave="true" leave_typeid="string" name="ServerLogicalSystemName"><value index="0" isnull="true"></value></attribute><attribute isleave="true" leave_typeid="string" name="ServiceId"><value index="0" isnull="false">transportservice</value></attribute></instance>

***********************


http://sappod:50000/rep/transportservice/int?container=any POST
Accept: text/html, image/gif, image/jpeg, *; q=.2, */*; q=.2
Content-Type: text/xml; charset=utf-8
hmiXSRFToken: Fetch
User-Agent: Java/1.8.0_391
==============================
response code: 200
content-length: 2727
content-type: text/xml; charset=utf-8
date: Fri, 10 Jul 2026 05:44:46 GMT
BODY: <?xml version="1.0" encoding="UTF-8" ?>
<instance typeid="com.sap.aii.utilxi.hmi.core.msg.HmiResponse"><attribute isleave="true" leave_typeid="string" name="ClientId"><value index="0" isnull="false">75201a5b7c2211f197f100155d001a19</value></attribute><attribute isleave="true" leave_typeid="string" name="ControlFlag"><value index="0" isnull="false">0</value></attribute><attribute isleave="false" name="CoreException"><value index="0" isnull="true"></value></attribute><attribute isleave="true" leave_typeid="string" name="HmiSpecVersion"><value index="0" isnull="false">1.0</value></attribute><attribute isleave="false" name="MethodFault"><value index="0" isnull="true"></value></attribute><attribute isleave="false" name="MethodOutput"><value index="0" isnull="false"><instance typeid="com.sap.aii.utilxi.hmi.api.HmiMethodOutput"><attribute isleave="true" leave_typeid="string" name="ContentType"><value index="0" isnull="false">text/xml</value></attribute><attribute isleave="true" leave_typeid="string" name="Return"><value index="0" isnull="false">&lt;?xml version=&quot;1.0&quot; encoding=&quot;UTF-8&quot;?&gt;
&lt;Response&gt;&lt;Transport id=&quot;675720f57b6e11f1ab8d000007572072&quot;&gt;&lt;type&gt;f&lt;/type&gt;&lt;direction&gt;Export&lt;/direction&gt;&lt;transportListName&gt;Export list for S4CORE 107&lt;/transportListName&gt;&lt;status&gt;ce&lt;/status&gt;&lt;file&gt;XI7_1_S4CORE_107.tpz&lt;/file&gt;&lt;swcv&gt;S4CORE 107&lt;/swcv&gt;&lt;timeStamp&gt;1783584953562&lt;/timeStamp&gt;&lt;user&gt;poduser&lt;/user&gt;&lt;/Transport&gt;&lt;Transport id=&quot;8dab8efd7b6e11f1bc46000007572072&quot;&gt;&lt;type&gt;f&lt;/type&gt;&lt;direction&gt;Export&lt;/direction&gt;&lt;transportListName&gt;Export list for SC_I_ERP, 1.0 of rsug.io&lt;/transportListName&gt;&lt;status&gt;ce&lt;/status&gt;&lt;file&gt;XI7_1_SC_I_ERP_1_0_of_rsug.io.tpz&lt;/file&gt;&lt;swcv&gt;SC_I_ERP, 1.0 of rsug.io&lt;/swcv&gt;&lt;timeStamp&gt;1783585018512&lt;/timeStamp&gt;&lt;user&gt;poduser&lt;/user&gt;&lt;/Transport&gt;&lt;Transport id=&quot;8f1b320f7b6e11f19083000007572072&quot;&gt;&lt;type&gt;f&lt;/type&gt;&lt;direction&gt;Export&lt;/direction&gt;&lt;transportListName&gt;Export list for SC_I_ERP, 1.0 of rsug.io&lt;/transportListName&gt;&lt;status&gt;ce&lt;/status&gt;&lt;file&gt;XI7_1_SC_I_ERP_1_0_of_rsug.io.tpz&lt;/file&gt;&lt;swcv&gt;SC_I_ERP, 1.0 of rsug.io&lt;/swcv&gt;&lt;timeStamp&gt;1783585018512&lt;/timeStamp&gt;&lt;user&gt;poduser&lt;/user&gt;&lt;/Transport&gt;&lt;/Response&gt;</value></attribute></instance></value></attribute><attribute isleave="true" leave_typeid="string" name="RequestId"><value index="0" isnull="false">75201a5a7c2211f1a04400155d001a19</value></attribute></instance>









