method=GET, path=/rep/cae/packages/00109b36bc1e1edbb0dcbe0b3c22e0e8/asset/AllCustomEntities, query=null, counter=00030

Content-Type: application/binary;charset=UTF-8
Authorization: Basic BASIC===
User-Agent: Java/1.8.0_391
Host: localhost:8080
Accept: text/html, image/gif, image/jpeg, *; q=.2, */*; q=.2
Connection: keep-alive
BODY request: 
***********************


http://sappod:50000/rep/cae/packages/00109b36bc1e1edbb0dcbe0b3c22e0e8/asset/AllCustomEntities GET
Accept: text/html, image/gif, image/jpeg, *; q=.2, */*; q=.2
Content-Type: application/binary;charset=UTF-8
User-Agent: Java/1.8.0_391
==============================
response code: 200
content-length: 135
content-type: application/xml
date: Fri, 10 Jul 2026 05:44:48 GMT
set-cookie: JSESSIONMARKID=8TT-tgS8B_fospT27_l-eJcjnx3X1_vZIOUHIgVwc; Version=1; Path=/
BODY: <?xml version="1.0" encoding="UTF-8"?><soagov:all_custom_entities ID="AllCustomEntities" xmlns:soagov="http://www.sap.com/ns/soagov"/>








