method=POST, path=/rep/goa/int, query=container=any, counter=00045

hmiXSRFToken: Fetch
Authorization: Basic BASIC===
Content-Type: text/xml; charset=utf-8
User-Agent: Java/1.8.0_391
Host: localhost:8080
Accept: text/html, image/gif, image/jpeg, *; q=.2, */*; q=.2
Connection: keep-alive
Content-Length: 3607
BODY request: <?xml version="1.0" encoding="UTF-8" ?>
<instance typeid="com.sap.aii.util.hmi.core.msg.HmiRequest"><attribute isleave="true" leave_typeid="string" name="ClientId"><value index="0" isnull="false">74edd70d7c2211f1839900155d001a19</value></attribute><attribute isleave="true" leave_typeid="string" name="ClientLanguage"><value index="0" isnull="false">EN</value></attribute><attribute isleave="false" name="ClientLevel"><value index="0" isnull="false"><instance typeid="com.sap.aii.util.applcomp.ApplCompLevel"><attribute isleave="true" leave_typeid="string" name="Release"><value index="0" isnull="false">7.0</value></attribute><attribute isleave="true" leave_typeid="string" name="SupportPackage"><value index="0" isnull="false">0</value></attribute></instance></value></attribute><attribute isleave="true" leave_typeid="string" name="ClientPassword"><value index="0" isnull="false">dummy</value></attribute><attribute isleave="true" leave_typeid="string" name="ClientUser"><value index="0" isnull="false">poduser</value></attribute><attribute isleave="true" leave_typeid="string" name="ControlFlag"><value index="0" isnull="false">0</value></attribute><attribute isleave="true" leave_typeid="string" name="HmiSpecVersion"><value index="0" isnull="false">1.0</value></attribute><attribute isleave="true" leave_typeid="string" name="MethodId"><value index="0" isnull="false">naviquery</value></attribute><attribute isleave="false" name="MethodInput"><value index="0" isnull="false"><instance typeid="com.sap.aii.util.hmi.api.HmiMethodInput"><attribute isleave="false" name="Parameters"><value index="0" isnull="false"><instance typeid="com.sap.aii.util.hmi.core.gdi2.EntryStringString"><attribute isleave="true" leave_typeid="string" name="Key"><value index="0" isnull="false">body</value></attribute><attribute isleave="true" leave_typeid="string" name="Value"><value index="0" isnull="false">&lt;?xml version=&quot;1.0&quot; encoding=&quot;UTF-8&quot;?&gt;
&lt;navigationRequestInput&gt;&lt;navigationRequest&gt;&lt;navigationCursor&gt;&lt;wkID id=&quot;0050568f0aac1ed4a6e56926325e2eb3&quot; /&gt;&lt;type id=&quot;FOLDER&quot; /&gt;&lt;namespaces&gt;&lt;namespace name=&quot;http://sap.com/xi/BASIS&quot; /&gt;&lt;/namespaces&gt;&lt;folderId id=&quot;cb49622098f011ddacee001b78e0f918&quot; /&gt;&lt;types&gt;&lt;type id=&quot;MAP_TEMPLATE&quot; /&gt;&lt;type id=&quot;FOLDER&quot; /&gt;&lt;/types&gt;&lt;/navigationCursor&gt;&lt;existenceCheckOnly&gt;false&lt;/existenceCheckOnly&gt;&lt;/navigationRequest&gt;&lt;queryAttributes&gt;&lt;attribute&gt;RA_XILINK&lt;/attribute&gt;&lt;attribute&gt;MODIFYDATE&lt;/attribute&gt;&lt;attribute&gt;MODIFYUSER&lt;/attribute&gt;&lt;attribute&gt;FOLDERREF&lt;/attribute&gt;&lt;attribute&gt;FOLDERNAME&lt;/attribute&gt;&lt;attribute&gt;NAMESPACE&lt;/attribute&gt;&lt;/queryAttributes&gt;&lt;/navigationRequestInput&gt;</value></attribute></instance></value></attribute></instance></value></attribute><attribute isleave="true" leave_typeid="string" name="RequestId"><value index="0" isnull="false">7a3d09507c2211f1acec00155d001a19</value></attribute><attribute isleave="true" leave_typeid="string" name="RequiresSession"><value index="0" isnull="false">false</value></attribute><attribute isleave="true" leave_typeid="string" name="ServerApplicationId"><value index="0" isnull="true"></value></attribute><attribute isleave="true" leave_typeid="string" name="ServerLogicalSystemName"><value index="0" isnull="true"></value></attribute><attribute isleave="true" leave_typeid="string" name="ServiceId"><value index="0" isnull="false">goa</value></attribute></instance>

***********************


http://sappod:50000/rep/goa/int?container=any POST
Accept: text/html, image/gif, image/jpeg, *; q=.2, */*; q=.2
Content-Type: text/xml; charset=utf-8
hmiXSRFToken: Fetch
User-Agent: Java/1.8.0_391
==============================
response code: 200
content-length: 1946
content-type: text/xml; charset=UTF-8
date: Fri, 10 Jul 2026 05:44:54 GMT
set-cookie: JSESSIONMARKID=AhFjpA8Nx0vy31UqenP1OR-_qyh7Nn1iUQUHIgVwc; Version=1; Path=/
BODY: <?xml version="1.0" encoding="UTF-8" ?>
<instance typeid="com.sap.aii.utilxi.hmi.core.msg.HmiResponse"><attribute isleave="true" leave_typeid="string" name="ClientId"><value index="0" isnull="false">7a3d09507c2211f1acec00155d001a19</value></attribute><attribute isleave="true" leave_typeid="string" name="ControlFlag"><value index="0" isnull="false">0</value></attribute><attribute isleave="false" name="CoreException"><value index="0" isnull="true"></value></attribute><attribute isleave="true" leave_typeid="string" name="HmiSpecVersion"><value index="0" isnull="false">1.0</value></attribute><attribute isleave="false" name="MethodFault"><value index="0" isnull="true"></value></attribute><attribute isleave="false" name="MethodOutput"><value index="0" isnull="false"><instance typeid="com.sap.aii.utilxi.hmi.api.HmiMethodOutput"><attribute isleave="true" leave_typeid="string" name="ContentType"><value index="0" isnull="false">text/xml</value></attribute><attribute isleave="true" leave_typeid="string" name="Return"><value index="0" isnull="false">&lt;?xml version=&quot;1.0&quot; encoding=&quot;UTF-8&quot;?&gt;
&lt;queryResult&gt;&lt;headerInfo xmlns=&quot;&quot;&gt;&lt;rows count=&quot;0&quot; /&gt;&lt;cols count=&quot;0&quot; /&gt;&lt;colDef&gt;&lt;def type=&quot;RA_XILINK&quot; pos=&quot;0&quot; /&gt;&lt;def type=&quot;MODIFYDATE&quot; pos=&quot;1&quot; /&gt;&lt;def type=&quot;MODIFYUSER&quot; pos=&quot;2&quot; /&gt;&lt;def type=&quot;FOLDERREF&quot; pos=&quot;3&quot; /&gt;&lt;def type=&quot;FOLDERNAME&quot; pos=&quot;4&quot; /&gt;&lt;def type=&quot;NAMESPACE&quot; pos=&quot;5&quot; /&gt;&lt;/colDef&gt;&lt;/headerInfo&gt;&lt;typeInfo xmlns=&quot;&quot; /&gt;&lt;matrix xmlns=&quot;&quot; /&gt;&lt;/queryResult&gt;</value></attribute></instance></value></attribute><attribute isleave="true" leave_typeid="string" name="RequestId"><value index="0" isnull="false">74edd70d7c2211f1839900155d001a19</value></attribute></instance>









