method=POST, path=/rep/read/int, query=container=any, counter=00076

hmiXSRFToken: Fetch
Authorization: Basic BASIC===
Content-Type: text/xml; charset=utf-8
User-Agent: Java/1.8.0_391
Host: localhost:8080
Accept: text/html, image/gif, image/jpeg, *; q=.2, */*; q=.2
Connection: keep-alive
Content-Length: 3520
BODY request: <?xml version="1.0" encoding="UTF-8" ?>
<instance typeid="com.sap.aii.util.hmi.core.msg.HmiRequest"><attribute isleave="true" leave_typeid="string" name="ClientId"><value index="0" isnull="false">74edd70c7c2211f1b98f00155d001a19</value></attribute><attribute isleave="true" leave_typeid="string" name="ClientLanguage"><value index="0" isnull="false">EN</value></attribute><attribute isleave="false" name="ClientLevel"><value index="0" isnull="false"><instance typeid="com.sap.aii.util.applcomp.ApplCompLevel"><attribute isleave="true" leave_typeid="string" name="Release"><value index="0" isnull="false">7.0</value></attribute><attribute isleave="true" leave_typeid="string" name="SupportPackage"><value index="0" isnull="false">0</value></attribute></instance></value></attribute><attribute isleave="true" leave_typeid="string" name="ClientPassword"><value index="0" isnull="false">dummy</value></attribute><attribute isleave="true" leave_typeid="string" name="ClientUser"><value index="0" isnull="false">ikuznetsov</value></attribute><attribute isleave="true" leave_typeid="string" name="ControlFlag"><value index="0" isnull="false">0</value></attribute><attribute isleave="true" leave_typeid="string" name="HmiSpecVersion"><value index="0" isnull="false">1.0</value></attribute><attribute isleave="true" leave_typeid="string" name="MethodId"><value index="0" isnull="false">WSDL</value></attribute><attribute isleave="false" name="MethodInput"><value index="0" isnull="false"><instance typeid="com.sap.aii.util.hmi.api.HmiMethodInput"><attribute isleave="false" name="Parameters"><value index="0" isnull="false"><instance typeid="com.sap.aii.util.hmi.core.gdi2.EntryStringString"><attribute isleave="true" leave_typeid="string" name="Key"><value index="0" isnull="false">body</value></attribute><attribute isleave="true" leave_typeid="string" name="Value"><value index="0" isnull="false">&lt;?xml version=&quot;1.0&quot; encoding=&quot;UTF-8&quot;?&gt;
&lt;list&gt;&lt;type id=&quot;ifmmessage&quot; WITH_ORIG_LANG_INFO=&quot;false&quot; WSDL_SOAP_SERVER_FOR_OUTBOUND=&quot;false&quot; WSDL_VERSION=&quot;http://www.w3.org/TR/2001/NOTE-wsdl-20010315&quot; CHECK_BO=&quot;false&quot; DOCU_LANG=&quot;EN&quot; WITH_CORE_DATATYPE_INFO=&quot;true&quot; XSD_VERSION=&quot;http://www.w3.org/TR/2001/REC-xmlschema-1-20010502/&quot; WITH_SAM_INFO=&quot;false&quot; WITH_UI_TEXTS=&quot;false&quot; RELEASE=&quot;7.0&quot; ADD_ENHANCEMENTS=&quot;true&quot;&gt;&lt;ref&gt;&lt;vc vcType=&quot;S&quot; vcQMode=&quot;D&quot; swcGuid=&quot;5dc57d20446711f193ccc736c0a81312&quot; sp=&quot;-1&quot; /&gt;&lt;key typeID=&quot;ifmmessage&quot;&gt;&lt;elem&gt;MT_Empty&lt;/elem&gt;&lt;elem&gt;urn:rsugio:po:i:markirovka:common&lt;/elem&gt;&lt;/key&gt;&lt;/ref&gt;&lt;/type&gt;&lt;/list&gt;</value></attribute></instance></value></attribute></instance></value></attribute><attribute isleave="true" leave_typeid="string" name="RequestId"><value index="0" isnull="false">87c252e17c2211f1b1b700155d001a19</value></attribute><attribute isleave="true" leave_typeid="string" name="RequiresSession"><value index="0" isnull="false">false</value></attribute><attribute isleave="true" leave_typeid="string" name="ServerApplicationId"><value index="0" isnull="true"></value></attribute><attribute isleave="true" leave_typeid="string" name="ServerLogicalSystemName"><value index="0" isnull="true"></value></attribute><attribute isleave="true" leave_typeid="string" name="ServiceId"><value index="0" isnull="false">READ</value></attribute></instance>

***********************


http://sappod:50000/rep/read/int?container=any POST
Accept: text/html, image/gif, image/jpeg, *; q=.2, */*; q=.2
Content-Type: text/xml; charset=utf-8
hmiXSRFToken: Fetch
User-Agent: Java/1.8.0_391
==============================
response code: 200
content-length: 3469
content-type: text/xml; charset=UTF-8
date: Fri, 10 Jul 2026 05:45:17 GMT
set-cookie: JSESSIONMARKID=dTumQAc8Yc_hqg_7KtjqB43kKi0FwUUW4VUHIgVwc; Version=1; Path=/
BODY: <?xml version="1.0" encoding="UTF-8" ?>
<instance typeid="com.sap.aii.utilxi.hmi.core.msg.HmiResponse"><attribute isleave="true" leave_typeid="string" name="ClientId"><value index="0" isnull="false">87c252e17c2211f1b1b700155d001a19</value></attribute><attribute isleave="true" leave_typeid="string" name="ControlFlag"><value index="0" isnull="false">0</value></attribute><attribute isleave="false" name="CoreException"><value index="0" isnull="true"></value></attribute><attribute isleave="true" leave_typeid="string" name="HmiSpecVersion"><value index="0" isnull="false">1.0</value></attribute><attribute isleave="false" name="MethodFault"><value index="0" isnull="true"></value></attribute><attribute isleave="false" name="MethodOutput"><value index="0" isnull="false"><instance typeid="com.sap.aii.utilxi.hmi.api.HmiMethodOutput"><attribute isleave="true" leave_typeid="string" name="ContentType"><value index="0" isnull="false">text/xml</value></attribute><attribute isleave="true" leave_typeid="string" name="Return"><value index="0" isnull="false">&lt;?xml version=&quot;1.0&quot; encoding=&quot;UTF-8&quot;?&gt;&lt;wsdl:definitions name=&quot;MT_Empty&quot; targetNamespace=&quot;urn:rsugio:po:i:markirovka:common&quot; xmlns:p1=&quot;urn:rsugio:po:i:markirovka:common&quot; xmlns:wsdl=&quot;http://schemas.xmlsoap.org/wsdl/&quot;&gt;&lt;wsdl:documentation/&gt;&lt;wsdl:types&gt;&lt;xsd:schema targetNamespace=&quot;urn:rsugio:po:i:markirovka:common&quot; xmlns:xsd=&quot;http://www.w3.org/2001/XMLSchema&quot; xmlns=&quot;urn:rsugio:po:i:markirovka:common&quot;&gt;&lt;xsd:element name=&quot;MT_Empty&quot; type=&quot;DT_Empty&quot;/&gt;&lt;xsd:simpleType name=&quot;DT_Empty&quot;&gt;&lt;xsd:annotation&gt;&lt;xsd:appinfo source=&quot;http://sap.com/xi/VersionID&quot;&gt;98238a594a1911f1b368000007572072&lt;/xsd:appinfo&gt;&lt;/xsd:annotation&gt;&lt;xsd:restriction base=&quot;xsd:string&quot;/&gt;&lt;/xsd:simpleType&gt;&lt;/xsd:schema&gt;&lt;/wsdl:types&gt;&lt;wsdl:message name=&quot;MT_Empty&quot;&gt;&lt;wsdl:documentation/&gt;&lt;wsdl:part name=&quot;MT_Empty&quot; element=&quot;p1:MT_Empty&quot;/&gt;&lt;/wsdl:message&gt;&lt;ifw:properties xmlns:ifw=&quot;urn:com-sap:ifr:v2:wsdl&quot;&gt;&lt;ifw:category&gt;ifmmessage&lt;/ifw:category&gt;&lt;ifw:VersionID&gt;aa90edb54a1911f194c6000007572072&lt;/ifw:VersionID&gt;&lt;ifw:messages&gt;&lt;ifw:message name=&quot;MT_Empty&quot;&gt;&lt;ifw:messType&gt;ifmmessage&lt;/ifw:messType&gt;&lt;ifw:keyElements&gt;&lt;ifw:elem id=&quot;NAME&quot;&gt;MT_Empty&lt;/ifw:elem&gt;&lt;ifw:elem id=&quot;NAMESPACE&quot;&gt;urn:rsugio:po:i:markirovka:common&lt;/ifw:elem&gt;&lt;/ifw:keyElements&gt;&lt;ifw:technicalNamespace&gt;urn:rsugio:po:i:markirovka:common&lt;/ifw:technicalNamespace&gt;&lt;ifw:VersionID&gt;aa90edb54a1911f194c6000007572072&lt;/ifw:VersionID&gt;&lt;ifw:xmlNamespace&gt;urn:rsugio:po:i:markirovka:common&lt;/ifw:xmlNamespace&gt;&lt;ifw:dataType uri=&quot;name=DT_Empty~namespace=urn:rsugio:po:i:markirovka:common~swcvId=5dc57d20446711f193ccc736c0a81312&quot; name=&quot;DT_Empty&quot; namespace=&quot;urn:rsugio:po:i:markirovka:common&quot; swcvId=&quot;5dc57d20446711f193ccc736c0a81312&quot;/&gt;&lt;/ifw:message&gt;&lt;/ifw:messages&gt;&lt;/ifw:properties&gt;&lt;/wsdl:definitions&gt;</value></attribute></instance></value></attribute><attribute isleave="true" leave_typeid="string" name="RequestId"><value index="0" isnull="false">74edd70c7c2211f1b98f00155d001a19</value></attribute></instance>








